<?xml version="1.0" encoding="UTF-8"?>
<testng-results skipped="0" failed="0" total="2" passed="2">
  <reporter-output>
    <line>
      <![CDATA[About to begin executing Suite Suite]]>
    </line>
    <line>
      <![CDATA[About to begin executing following method : BaseEngine.openBrowser]]>
    </line>
    <line>
      <![CDATA[Completed executing following method : BaseEngine.openBrowser]]>
    </line>
    <line>
      <![CDATA[About to begin executing Test Test]]>
    </line>
    <line>
      <![CDATA[About to begin executing Test Test]]>
    </line>
    <line>
      <![CDATA[About to begin executing following method : BaseEngine.intialiseReports]]>
    </line>
    <line>
      <![CDATA[Completed executing following method : BaseEngine.intialiseReports]]>
    </line>
    <line>
      <![CDATA[About to begin executing following method : BaseEngine.beforeMethodExecution]]>
    </line>
    <line>
      <![CDATA[Completed executing following method : BaseEngine.beforeMethodExecution]]>
    </line>
    <line>
      <![CDATA[About to begin executing following method : LoginPageTest.enterUrl]]>
    </line>
    <line>
      <![CDATA[Completed executing following method : LoginPageTest.enterUrl]]>
    </line>
    <line>
      <![CDATA[Test Method resides in com.focus.testcases.LoginPageTest]]>
    </line>
    <line>
      <![CDATA[Test Status: Pass]]>
    </line>
    <line>
      <![CDATA[Test Method resides in com.focus.testcases.LoginPageTest]]>
    </line>
    <line>
      <![CDATA[Test Status: Pass]]>
    </line>
    <line>
      <![CDATA[About to begin executing following method : BaseEngine.afterMethodExecution]]>
    </line>
    <line>
      <![CDATA[Completed executing following method : BaseEngine.afterMethodExecution]]>
    </line>
    <line>
      <![CDATA[About to begin executing following method : BaseEngine.beforeMethodExecution]]>
    </line>
    <line>
      <![CDATA[Completed executing following method : BaseEngine.beforeMethodExecution]]>
    </line>
    <line>
      <![CDATA[About to begin executing following method : LoginPageTest.verifyTheAvaibilityOfFieldsInLoginScreen]]>
    </line>
    <line>
      <![CDATA[Completed executing following method : LoginPageTest.verifyTheAvaibilityOfFieldsInLoginScreen]]>
    </line>
    <line>
      <![CDATA[Test Method resides in com.focus.testcases.LoginPageTest]]>
    </line>
    <line>
      <![CDATA[Test Status: Pass]]>
    </line>
    <line>
      <![CDATA[Test Method resides in com.focus.testcases.LoginPageTest]]>
    </line>
    <line>
      <![CDATA[Test Status: Pass]]>
    </line>
    <line>
      <![CDATA[About to begin executing following method : BaseEngine.afterMethodExecution]]>
    </line>
    <line>
      <![CDATA[Completed executing following method : BaseEngine.afterMethodExecution]]>
    </line>
    <line>
      <![CDATA[About to begin executing following method : BaseEngine.generateReports]]>
    </line>
    <line>
      <![CDATA[Completed executing following method : BaseEngine.generateReports]]>
    </line>
    <line>
      <![CDATA[Completed executing test Test]]>
    </line>
    <line>
      <![CDATA[Completed executing test Test]]>
    </line>
    <line>
      <![CDATA[About to begin executing following method : BaseEngine.closeBrowser]]>
    </line>
    <line>
      <![CDATA[Completed executing following method : BaseEngine.closeBrowser]]>
    </line>
  </reporter-output>
  <suite name="Suite" duration-ms="29712" started-at="2019-08-02T14:19:39Z" finished-at="2019-08-02T14:20:09Z">
    <groups>
    </groups>
    <test name="Test" duration-ms="29712" started-at="2019-08-02T14:19:39Z" finished-at="2019-08-02T14:20:09Z">
      <class name="com.focus.testcases.LoginPageTest">
        <test-method status="PASS" signature="openBrowser(java.lang.String)[pri:0, instance:com.focus.testcases.LoginPageTest@6b09bb57]" name="openBrowser" is-config="true" duration-ms="3745" started-at="2019-08-02T19:49:35Z" finished-at="2019-08-02T19:49:39Z">
          <params>
            <param index="0">
              <value>
                <![CDATA[chrome]]>
              </value>
            </param>
          </params>
          <reporter-output>
            <line>
              <![CDATA[Completed executing following method : BaseEngine.openBrowser]]>
            </line>
          </reporter-output>
        </test-method> <!-- openBrowser -->
        <test-method status="PASS" signature="intialiseReports()[pri:0, instance:com.focus.testcases.LoginPageTest@6b09bb57]" name="intialiseReports" is-config="true" duration-ms="156" started-at="2019-08-02T19:49:39Z" finished-at="2019-08-02T19:49:39Z">
          <reporter-output>
            <line>
              <![CDATA[Completed executing following method : BaseEngine.intialiseReports]]>
            </line>
          </reporter-output>
        </test-method> <!-- intialiseReports -->
        <test-method status="PASS" signature="enterUrl()[pri:1, instance:com.focus.testcases.LoginPageTest@6b09bb57]" name="enterUrl" duration-ms="28599" started-at="2019-08-02T19:49:39Z" finished-at="2019-08-02T19:50:08Z">
          <reporter-output>
            <line>
              <![CDATA[Completed executing following method : LoginPageTest.enterUrl]]>
            </line>
            <line>
              <![CDATA[Test Method resides in com.focus.testcases.LoginPageTest]]>
            </line>
            <line>
              <![CDATA[Test Status: Pass]]>
            </line>
            <line>
              <![CDATA[Test Method resides in com.focus.testcases.LoginPageTest]]>
            </line>
            <line>
              <![CDATA[Test Status: Pass]]>
            </line>
            <line>
              <![CDATA[About to begin executing following method : BaseEngine.afterMethodExecution]]>
            </line>
          </reporter-output>
        </test-method> <!-- enterUrl -->
        <test-method status="PASS" signature="beforeMethodExecution(java.lang.reflect.Method)[pri:0, instance:com.focus.testcases.LoginPageTest@6b09bb57]" name="beforeMethodExecution" is-config="true" duration-ms="0" started-at="2019-08-02T19:49:39Z" finished-at="2019-08-02T19:49:39Z">
          <params>
            <param index="0">
              <value>
                <![CDATA[public void com.focus.testcases.LoginPageTest.enterUrl() throws org.apache.poi.EncryptedDocumentException,org.apache.poi.openxml4j.exceptions.InvalidFormatException,java.io.IOException,java.lang.InterruptedException]]>
              </value>
            </param>
          </params>
          <reporter-output>
            <line>
              <![CDATA[Completed executing following method : BaseEngine.beforeMethodExecution]]>
            </line>
          </reporter-output>
        </test-method> <!-- beforeMethodExecution -->
        <test-method status="PASS" signature="afterMethodExecution(org.testng.ITestResult)[pri:0, instance:com.focus.testcases.LoginPageTest@6b09bb57]" name="afterMethodExecution" is-config="true" duration-ms="0" started-at="2019-08-02T19:50:08Z" finished-at="2019-08-02T19:50:08Z">
          <params>
            <param index="0">
              <value>
                <![CDATA[[TestResult name=enterUrl status=SUCCESS method=LoginPageTest.enterUrl()[pri:1, instance:com.focus.testcases.LoginPageTest@6b09bb57] output=Completed executing following method : LoginPageTest.enterUrl]]]>
              </value>
            </param>
          </params>
          <reporter-output>
            <line>
              <![CDATA[Completed executing following method : BaseEngine.afterMethodExecution]]>
            </line>
          </reporter-output>
        </test-method> <!-- afterMethodExecution -->
        <test-method status="PASS" signature="beforeMethodExecution(java.lang.reflect.Method)[pri:0, instance:com.focus.testcases.LoginPageTest@6b09bb57]" name="beforeMethodExecution" is-config="true" duration-ms="0" started-at="2019-08-02T19:50:08Z" finished-at="2019-08-02T19:50:08Z">
          <params>
            <param index="0">
              <value>
                <![CDATA[public void com.focus.testcases.LoginPageTest.verifyTheAvaibilityOfFieldsInLoginScreen() throws java.lang.InterruptedException,org.apache.poi.EncryptedDocumentException,org.apache.poi.openxml4j.exceptions.InvalidFormatException,java.io.IOException]]>
              </value>
            </param>
          </params>
          <reporter-output>
            <line>
              <![CDATA[Completed executing following method : BaseEngine.beforeMethodExecution]]>
            </line>
          </reporter-output>
        </test-method> <!-- beforeMethodExecution -->
        <test-method status="PASS" signature="verifyTheAvaibilityOfFieldsInLoginScreen()[pri:2, instance:com.focus.testcases.LoginPageTest@6b09bb57]" name="verifyTheAvaibilityOfFieldsInLoginScreen" duration-ms="703" started-at="2019-08-02T19:50:08Z" finished-at="2019-08-02T19:50:09Z">
          <reporter-output>
            <line>
              <![CDATA[Completed executing following method : LoginPageTest.verifyTheAvaibilityOfFieldsInLoginScreen]]>
            </line>
            <line>
              <![CDATA[Test Method resides in com.focus.testcases.LoginPageTest]]>
            </line>
            <line>
              <![CDATA[Test Status: Pass]]>
            </line>
            <line>
              <![CDATA[Test Method resides in com.focus.testcases.LoginPageTest]]>
            </line>
            <line>
              <![CDATA[Test Status: Pass]]>
            </line>
            <line>
              <![CDATA[About to begin executing following method : BaseEngine.afterMethodExecution]]>
            </line>
          </reporter-output>
        </test-method> <!-- verifyTheAvaibilityOfFieldsInLoginScreen -->
        <test-method status="PASS" signature="afterMethodExecution(org.testng.ITestResult)[pri:0, instance:com.focus.testcases.LoginPageTest@6b09bb57]" name="afterMethodExecution" is-config="true" duration-ms="0" started-at="2019-08-02T19:50:09Z" finished-at="2019-08-02T19:50:09Z">
          <params>
            <param index="0">
              <value>
                <![CDATA[[TestResult name=verifyTheAvaibilityOfFieldsInLoginScreen status=SUCCESS method=LoginPageTest.verifyTheAvaibilityOfFieldsInLoginScreen()[pri:2, instance:com.focus.testcases.LoginPageTest@6b09bb57] output=Completed executing following method : LoginPageTest.verifyTheAvaibilityOfFieldsInLoginScreen]]]>
              </value>
            </param>
          </params>
          <reporter-output>
            <line>
              <![CDATA[Completed executing following method : BaseEngine.afterMethodExecution]]>
            </line>
          </reporter-output>
        </test-method> <!-- afterMethodExecution -->
        <test-method status="PASS" signature="generateReports()[pri:0, instance:com.focus.testcases.LoginPageTest@6b09bb57]" name="generateReports" is-config="true" duration-ms="235" started-at="2019-08-02T19:50:09Z" finished-at="2019-08-02T19:50:09Z">
          <reporter-output>
            <line>
              <![CDATA[Completed executing following method : BaseEngine.generateReports]]>
            </line>
          </reporter-output>
        </test-method> <!-- generateReports -->
        <test-method status="PASS" signature="closeBrowser()[pri:0, instance:com.focus.testcases.LoginPageTest@6b09bb57]" name="closeBrowser" is-config="true" duration-ms="2372" started-at="2019-08-02T19:50:09Z" finished-at="2019-08-02T19:50:11Z">
          <reporter-output>
            <line>
              <![CDATA[Completed executing following method : BaseEngine.closeBrowser]]>
            </line>
          </reporter-output>
        </test-method> <!-- closeBrowser -->
      </class> <!-- com.focus.testcases.LoginPageTest -->
    </test> <!-- Test -->
  </suite> <!-- Suite -->
</testng-results>
